# JRE version: OpenJDK Runtime Environment (11.0.15) (build 11.0.15+0-b2043.56-9505619)
# Java VM: OpenJDK 64-Bit Server VM (11.0.15+0-b2043.56-9505619, mixed mode, tiered, compressed oops, g1 gc, windows-amd64)
Heap:
 garbage-first heap   total 175104K, used 128168K [0x0000000080000000, 0x0000000100000000)
  region size 1024K, 48 young (49152K), 4 survivors (4096K)
 Metaspace       used 87338K, capacity 89707K, committed 89904K, reserved 1126400K
  class space    used 11472K, capacity 12387K, committed 12416K, reserved 1048576K
GC Heap History (20 events):
Event: 16.120 GC heap before
{Heap before GC invocations=22 (full 0):
 garbage-first heap   total 120832K, used 88000K [0x0000000080000000, 0x0000000100000000)
  region size 1024K, 31 young (31744K), 4 survivors (4096K)
 Metaspace       used 67017K, capacity 68612K, committed 68784K, reserved 1110016K
  class space    used 8499K, capacity 9116K, committed 9216K, reserved 1048576K
}
Event: 16.126 GC heap after
{Heap after GC invocations=23 (full 0):
 garbage-first heap   total 120832K, used 59383K [0x0000000080000000, 0x0000000100000000)
  region size 1024K, 3 young (3072K), 3 survivors (3072K)
 Metaspace       used 67017K, capacity 68612K, committed 68784K, reserved 1110016K
  class space    used 8499K, capacity 9116K, committed 9216K, reserved 1048576K
}
Event: 16.429 GC heap before
{Heap before GC invocations=23 (full 0):
 garbage-first heap   total 120832K, used 90103K [0x0000000080000000, 0x0000000100000000)
  region size 1024K, 33 young (33792K), 3 survivors (3072K)
 Metaspace       used 68172K, capacity 69753K, committed 69936K, reserved 1110016K
  class space    used 8641K, capacity 9254K, committed 9344K, reserved 1048576K
}
Event: 16.437 GC heap after
{Heap after GC invocations=24 (full 0):
 garbage-first heap   total 120832K, used 61536K [0x0000000080000000, 0x0000000100000000)
  region size 1024K, 4 young (4096K), 4 survivors (4096K)
 Metaspace       used 68172K, capacity 69753K, committed 69936K, reserved 1110016K
  class space    used 8641K, capacity 9254K, committed 9344K, reserved 1048576K
}
Event: 16.745 GC heap before
{Heap before GC invocations=25 (full 0):
 garbage-first heap   total 120832K, used 92256K [0x0000000080000000, 0x0000000100000000)
  region size 1024K, 34 young (34816K), 4 survivors (4096K)
 Metaspace       used 69041K, capacity 70816K, committed 71088K, reserved 1112064K
  class space    used 8742K, capacity 9418K, committed 9472K, reserved 1048576K
}
Event: 16.751 GC heap after
{Heap after GC invocations=26 (full 0):
 garbage-first heap   total 120832K, used 63863K [0x0000000080000000, 0x0000000100000000)
  region size 1024K, 5 young (5120K), 5 survivors (5120K)
 Metaspace       used 69041K, capacity 70816K, committed 71088K, reserved 1112064K
  class space    used 8742K, capacity 9418K, committed 9472K, reserved 1048576K
}
Event: 17.305 GC heap before
{Heap before GC invocations=26 (full 0):
 garbage-first heap   total 120832K, used 94583K [0x0000000080000000, 0x0000000100000000)
  region size 1024K, 35 young (35840K), 5 survivors (5120K)
 Metaspace       used 72737K, capacity 74503K, committed 74544K, reserved 1114112K
  class space    used 9415K, capacity 10112K, committed 10112K, reserved 1048576K
}
Event: 17.311 GC heap after
{Heap after GC invocations=27 (full 0):
 garbage-first heap   total 120832K, used 65815K [0x0000000080000000, 0x0000000100000000)
  region size 1024K, 5 young (5120K), 5 survivors (5120K)
 Metaspace       used 72737K, capacity 74503K, committed 74544K, reserved 1114112K
  class space    used 9415K, capacity 10112K, committed 10112K, reserved 1048576K
}
Event: 17.983 GC heap before
{Heap before GC invocations=28 (full 0):
 garbage-first heap   total 120832K, used 95511K [0x0000000080000000, 0x0000000100000000)
  region size 1024K, 34 young (34816K), 5 survivors (5120K)
 Metaspace       used 75438K, capacity 77236K, committed 77616K, reserved 1116160K
  class space    used 9784K, capacity 10497K, committed 10624K, reserved 1048576K
}
Event: 17.989 GC heap after
{Heap after GC invocations=29 (full 0):
 garbage-first heap   total 120832K, used 67776K [0x0000000080000000, 0x0000000100000000)
  region size 1024K, 4 young (4096K), 4 survivors (4096K)
 Metaspace       used 75438K, capacity 77236K, committed 77616K, reserved 1116160K
  class space    used 9784K, capacity 10497K, committed 10624K, reserved 1048576K
}
Event: 18.421 GC heap before
{Heap before GC invocations=29 (full 0):
 garbage-first heap   total 120832K, used 97472K [0x0000000080000000, 0x0000000100000000)
  region size 1024K, 33 young (33792K), 4 survivors (4096K)
 Metaspace       used 77918K, capacity 79767K, committed 80048K, reserved 1118208K
  class space    used 10141K, capacity 10881K, committed 11008K, reserved 1048576K
}
Event: 18.433 GC heap after
{Heap after GC invocations=30 (full 0):
 garbage-first heap   total 145408K, used 69783K [0x0000000080000000, 0x0000000100000000)
  region size 1024K, 4 young (4096K), 4 survivors (4096K)
 Metaspace       used 77918K, capacity 79767K, committed 80048K, reserved 1118208K
  class space    used 10141K, capacity 10881K, committed 11008K, reserved 1048576K
}
Event: 19.154 GC heap before
{Heap before GC invocations=31 (full 0):
 garbage-first heap   total 145408K, used 110743K [0x0000000080000000, 0x0000000100000000)
  region size 1024K, 44 young (45056K), 4 survivors (4096K)
 Metaspace       used 82583K, capacity 84478K, committed 84784K, reserved 1122304K
  class space    used 10788K, capacity 11559K, committed 11648K, reserved 1048576K
}
Event: 19.161 GC heap after
{Heap after GC invocations=32 (full 0):
 garbage-first heap   total 145408K, used 71893K [0x0000000080000000, 0x0000000100000000)
  region size 1024K, 5 young (5120K), 5 survivors (5120K)
 Metaspace       used 82583K, capacity 84478K, committed 84784K, reserved 1122304K
  class space    used 10788K, capacity 11559K, committed 11648K, reserved 1048576K
}
Event: 19.574 GC heap before
{Heap before GC invocations=32 (full 0):
 garbage-first heap   total 145408K, used 112853K [0x0000000080000000, 0x0000000100000000)
  region size 1024K, 45 young (46080K), 5 survivors (5120K)
 Metaspace       used 84736K, capacity 86780K, committed 86832K, reserved 1124352K
  class space    used 11050K, capacity 11870K, committed 11904K, reserved 1048576K
}
Event: 19.584 GC heap after
{Heap after GC invocations=33 (full 0):
 garbage-first heap   total 145408K, used 75742K [0x0000000080000000, 0x0000000100000000)
  region size 1024K, 6 young (6144K), 6 survivors (6144K)
 Metaspace       used 84736K, capacity 86780K, committed 86832K, reserved 1124352K
  class space    used 11050K, capacity 11870K, committed 11904K, reserved 1048576K
}
Event: 19.862 GC heap before
{Heap before GC invocations=34 (full 0):
 garbage-first heap   total 145408K, used 115678K [0x0000000080000000, 0x0000000100000000)
  region size 1024K, 45 young (46080K), 6 survivors (6144K)
 Metaspace       used 84895K, capacity 87000K, committed 87088K, reserved 1124352K
  class space    used 11063K, capacity 11877K, committed 11904K, reserved 1048576K
}
Event: 19.874 GC heap after
{Heap after GC invocations=35 (full 0):
 garbage-first heap   total 145408K, used 81487K [0x0000000080000000, 0x0000000100000000)
  region size 1024K, 6 young (6144K), 6 survivors (6144K)
 Metaspace       used 84895K, capacity 87000K, committed 87088K, reserved 1124352K
  class space    used 11063K, capacity 11877K, committed 11904K, reserved 1048576K
}
Event: 20.417 GC heap before
{Heap before GC invocations=35 (full 0):
 garbage-first heap   total 145408K, used 117327K [0x0000000080000000, 0x0000000100000000)
  region size 1024K, 41 young (41984K), 6 survivors (6144K)
 Metaspace       used 86507K, capacity 88786K, committed 89008K, reserved 1126400K
  class space    used 11376K, capacity 12245K, committed 12288K, reserved 1048576K
}
Event: 20.429 GC heap after
{Heap after GC invocations=36 (full 0):
 garbage-first heap   total 175104K, used 85160K [0x0000000080000000, 0x0000000100000000)
  region size 1024K, 4 young (4096K), 4 survivors (4096K)
 Metaspace       used 86507K, capacity 88786K, committed 89008K, reserved 1126400K
  class space    used 11376K, capacity 12245K, committed 12288K, reserved 1048576K
}

