# JRE version: OpenJDK Runtime Environment (11.0.15) (build 11.0.15+0-b2043.56-9505619)
# Java VM: OpenJDK 64-Bit Server VM (11.0.15+0-b2043.56-9505619, mixed mode, tiered, compressed oops, g1 gc, windows-amd64)
Heap:
 garbage-first heap   total 740352K, used 199414K [0x0000000080000000, 0x0000000100000000)
  region size 1024K, 2 young (2048K), 2 survivors (2048K)
 Metaspace       used 107233K, capacity 110546K, committed 110768K, reserved 1144832K
  class space    used 14263K, capacity 15571K, committed 15616K, reserved 1048576K
GC Heap History (20 events):
Event: 32.922 GC heap after
{Heap after GC invocations=51 (full 0):
 garbage-first heap   total 175104K, used 123876K [0x0000000080000000, 0x0000000100000000)
  region size 1024K, 4 young (4096K), 4 survivors (4096K)
 Metaspace       used 99150K, capacity 102035K, committed 102448K, reserved 1138688K
  class space    used 12973K, capacity 14084K, committed 14208K, reserved 1048576K
}
Event: 32.994 GC heap before
{Heap before GC invocations=52 (full 0):
 garbage-first heap   total 175104K, used 144356K [0x0000000080000000, 0x0000000100000000)
  region size 1024K, 24 young (24576K), 4 survivors (4096K)
 Metaspace       used 99459K, capacity 102441K, committed 102704K, reserved 1138688K
  class space    used 13048K, capacity 14198K, committed 14208K, reserved 1048576K
}
Event: 33.005 GC heap after
{Heap after GC invocations=53 (full 0):
 garbage-first heap   total 175104K, used 127734K [0x0000000080000000, 0x0000000100000000)
  region size 1024K, 3 young (3072K), 3 survivors (3072K)
 Metaspace       used 99459K, capacity 102441K, committed 102704K, reserved 1138688K
  class space    used 13048K, capacity 14198K, committed 14208K, reserved 1048576K
}
Event: 33.025 GC heap before
{Heap before GC invocations=53 (full 0):
 garbage-first heap   total 175104K, used 132854K [0x0000000080000000, 0x0000000100000000)
  region size 1024K, 8 young (8192K), 3 survivors (3072K)
 Metaspace       used 99561K, capacity 102591K, committed 102832K, reserved 1138688K
  class space    used 13074K, capacity 14229K, committed 14336K, reserved 1048576K
}
Event: 33.033 GC heap after
{Heap after GC invocations=54 (full 0):
 garbage-first heap   total 224256K, used 128351K [0x0000000080000000, 0x0000000100000000)
  region size 1024K, 1 young (1024K), 1 survivors (1024K)
 Metaspace       used 99561K, capacity 102591K, committed 102832K, reserved 1138688K
  class space    used 13074K, capacity 14229K, committed 14336K, reserved 1048576K
}
Event: 33.179 GC heap before
{Heap before GC invocations=54 (full 0):
 garbage-first heap   total 224256K, used 162143K [0x0000000080000000, 0x0000000100000000)
  region size 1024K, 35 young (35840K), 1 survivors (1024K)
 Metaspace       used 100450K, capacity 103558K, committed 103728K, reserved 1138688K
  class space    used 13212K, capacity 14403K, committed 14464K, reserved 1048576K
}
Event: 33.190 GC heap after
{Heap after GC invocations=55 (full 0):
 garbage-first heap   total 224256K, used 135238K [0x0000000080000000, 0x0000000100000000)
  region size 1024K, 5 young (5120K), 5 survivors (5120K)
 Metaspace       used 100450K, capacity 103558K, committed 103728K, reserved 1138688K
  class space    used 13212K, capacity 14403K, committed 14464K, reserved 1048576K
}
Event: 33.455 GC heap before
{Heap before GC invocations=56 (full 0):
 garbage-first heap   total 224256K, used 169030K [0x0000000080000000, 0x0000000100000000)
  region size 1024K, 38 young (38912K), 5 survivors (5120K)
 Metaspace       used 101100K, capacity 103761K, committed 105008K, reserved 1140736K
  class space    used 13185K, capacity 14197K, committed 14720K, reserved 1048576K
}
Event: 33.471 GC heap after
{Heap after GC invocations=57 (full 0):
 garbage-first heap   total 224256K, used 141588K [0x0000000080000000, 0x0000000100000000)
  region size 1024K, 5 young (5120K), 5 survivors (5120K)
 Metaspace       used 101100K, capacity 103761K, committed 105008K, reserved 1140736K
  class space    used 13185K, capacity 14197K, committed 14720K, reserved 1048576K
}
Event: 33.655 GC heap before
{Heap before GC invocations=57 (full 0):
 garbage-first heap   total 224256K, used 174356K [0x0000000080000000, 0x0000000100000000)
  region size 1024K, 37 young (37888K), 5 survivors (5120K)
 Metaspace       used 101814K, capacity 104594K, committed 105520K, reserved 1140736K
  class space    used 13299K, capacity 14388K, committed 14720K, reserved 1048576K
}
Event: 33.678 GC heap after
{Heap after GC invocations=58 (full 0):
 garbage-first heap   total 224256K, used 147456K [0x0000000080000000, 0x0000000100000000)
  region size 1024K, 5 young (5120K), 5 survivors (5120K)
 Metaspace       used 101814K, capacity 104594K, committed 105520K, reserved 1140736K
  class space    used 13299K, capacity 14388K, committed 14720K, reserved 1048576K
}
Event: 33.826 GC heap before
{Heap before GC invocations=58 (full 0):
 garbage-first heap   total 224256K, used 179200K [0x0000000080000000, 0x0000000100000000)
  region size 1024K, 36 young (36864K), 5 survivors (5120K)
 Metaspace       used 102130K, capacity 104917K, committed 105776K, reserved 1140736K
  class space    used 13327K, capacity 14428K, committed 14720K, reserved 1048576K
}
Event: 33.846 GC heap after
{Heap after GC invocations=59 (full 0):
 garbage-first heap   total 400384K, used 153093K [0x0000000080000000, 0x0000000100000000)
  region size 1024K, 5 young (5120K), 5 survivors (5120K)
 Metaspace       used 102130K, capacity 104917K, committed 105776K, reserved 1140736K
  class space    used 13327K, capacity 14428K, committed 14720K, reserved 1048576K
}
Event: 34.153 GC heap before
{Heap before GC invocations=60 (full 0):
 garbage-first heap   total 400384K, used 237061K [0x0000000080000000, 0x0000000100000000)
  region size 1024K, 87 young (89088K), 5 survivors (5120K)
 Metaspace       used 102543K, capacity 105374K, committed 106032K, reserved 1140736K
  class space    used 13390K, capacity 14509K, committed 14720K, reserved 1048576K
}
Event: 34.184 GC heap after
{Heap after GC invocations=61 (full 0):
 garbage-first heap   total 400384K, used 167329K [0x0000000080000000, 0x0000000100000000)
  region size 1024K, 11 young (11264K), 11 survivors (11264K)
 Metaspace       used 102543K, capacity 105374K, committed 106032K, reserved 1140736K
  class space    used 13390K, capacity 14509K, committed 14720K, reserved 1048576K
}
Event: 34.371 GC heap before
{Heap before GC invocations=61 (full 0):
 garbage-first heap   total 400384K, used 254369K [0x0000000080000000, 0x0000000100000000)
  region size 1024K, 97 young (99328K), 11 survivors (11264K)
 Metaspace       used 103318K, capacity 106150K, committed 106672K, reserved 1140736K
  class space    used 13527K, capacity 14645K, committed 14848K, reserved 1048576K
}
Event: 34.397 GC heap after
{Heap after GC invocations=62 (full 0):
 garbage-first heap   total 400384K, used 183117K [0x0000000080000000, 0x0000000100000000)
  region size 1024K, 13 young (13312K), 13 survivors (13312K)
 Metaspace       used 103318K, capacity 106150K, committed 106672K, reserved 1140736K
  class space    used 13527K, capacity 14645K, committed 14848K, reserved 1048576K
}
Event: 34.823 GC heap before
{Heap before GC invocations=62 (full 0):
 garbage-first heap   total 400384K, used 272205K [0x0000000080000000, 0x0000000100000000)
  region size 1024K, 100 young (102400K), 13 survivors (13312K)
 Metaspace       used 106200K, capacity 109453K, committed 109616K, reserved 1142784K
  class space    used 14115K, capacity 15402K, committed 15488K, reserved 1048576K
}
Event: 34.848 GC heap after
{Heap after GC invocations=63 (full 0):
 garbage-first heap   total 400384K, used 197250K [0x0000000080000000, 0x0000000100000000)
  region size 1024K, 13 young (13312K), 13 survivors (13312K)
 Metaspace       used 106200K, capacity 109453K, committed 109616K, reserved 1142784K
  class space    used 14115K, capacity 15402K, committed 15488K, reserved 1048576K
}
Event: 35.119 GC heap before
{Heap before GC invocations=63 (full 0):
 garbage-first heap   total 400384K, used 284290K [0x0000000080000000, 0x0000000100000000)
  region size 1024K, 99 young (101376K), 13 survivors (13312K)
 Metaspace       used 107233K, capacity 110546K, committed 110768K, reserved 1144832K
  class space    used 14263K, capacity 15571K, committed 15616K, reserved 1048576K
}

