# JRE version: OpenJDK Runtime Environment (11.0.15) (build 11.0.15+0-b2043.56-9505619)
# Java VM: OpenJDK 64-Bit Server VM (11.0.15+0-b2043.56-9505619, mixed mode, tiered, compressed oops, g1 gc, windows-amd64)
Heap:
 garbage-first heap   total 259072K, used 138078K [0x0000000080000000, 0x0000000100000000)
  region size 1024K, 6 young (6144K), 6 survivors (6144K)
 Metaspace       used 99583K, capacity 102597K, committed 103248K, reserved 1138688K
  class space    used 13093K, capacity 14270K, committed 14540K, reserved 1048576K
GC Heap History (20 events):
Event: 13.469 GC heap after
{Heap after GC invocations=30 (full 0):
 garbage-first heap   total 145408K, used 70507K [0x0000000080000000, 0x0000000100000000)
  region size 1024K, 6 young (6144K), 6 survivors (6144K)
 Metaspace       used 82095K, capacity 84054K, committed 84176K, reserved 1122304K
  class space    used 10713K, capacity 11486K, committed 11596K, reserved 1048576K
}
Event: 13.934 GC heap before
{Heap before GC invocations=30 (full 0):
 garbage-first heap   total 145408K, used 112491K [0x0000000080000000, 0x0000000100000000)
  region size 1024K, 47 young (48128K), 6 survivors (6144K)
 Metaspace       used 84500K, capacity 86507K, committed 86736K, reserved 1124352K
  class space    used 11017K, capacity 11804K, committed 11852K, reserved 1048576K
}
Event: 13.947 GC heap after
{Heap after GC invocations=31 (full 0):
 garbage-first heap   total 175104K, used 74375K [0x0000000080000000, 0x0000000100000000)
  region size 1024K, 6 young (6144K), 6 survivors (6144K)
 Metaspace       used 84500K, capacity 86507K, committed 86736K, reserved 1124352K
  class space    used 11017K, capacity 11804K, committed 11852K, reserved 1048576K
}
Event: 14.271 GC heap before
{Heap before GC invocations=32 (full 0):
 garbage-first heap   total 175104K, used 131719K [0x0000000080000000, 0x0000000100000000)
  region size 1024K, 62 young (63488K), 6 survivors (6144K)
 Metaspace       used 84867K, capacity 86983K, committed 87120K, reserved 1124352K
  class space    used 11057K, capacity 11875K, committed 11980K, reserved 1048576K
}
Event: 14.281 GC heap after
{Heap after GC invocations=33 (full 0):
 garbage-first heap   total 175104K, used 81452K [0x0000000080000000, 0x0000000100000000)
  region size 1024K, 8 young (8192K), 8 survivors (8192K)
 Metaspace       used 84867K, capacity 86983K, committed 87120K, reserved 1124352K
  class space    used 11057K, capacity 11875K, committed 11980K, reserved 1048576K
}
Event: 14.964 GC heap before
{Heap before GC invocations=33 (full 0):
 garbage-first heap   total 175104K, used 133676K [0x0000000080000000, 0x0000000100000000)
  region size 1024K, 60 young (61440K), 8 survivors (8192K)
 Metaspace       used 87441K, capacity 90001K, committed 90320K, reserved 1126400K
  class space    used 11560K, capacity 12520K, committed 12620K, reserved 1048576K
}
Event: 14.973 GC heap after
{Heap after GC invocations=34 (full 0):
 garbage-first heap   total 175104K, used 86202K [0x0000000080000000, 0x0000000100000000)
  region size 1024K, 5 young (5120K), 5 survivors (5120K)
 Metaspace       used 87441K, capacity 90001K, committed 90320K, reserved 1126400K
  class space    used 11560K, capacity 12520K, committed 12620K, reserved 1048576K
}
Event: 15.650 GC heap before
{Heap before GC invocations=34 (full 0):
 garbage-first heap   total 175104K, used 136378K [0x0000000080000000, 0x0000000100000000)
  region size 1024K, 55 young (56320K), 5 survivors (5120K)
 Metaspace       used 88086K, capacity 90803K, committed 90832K, reserved 1128448K
  class space    used 11605K, capacity 12619K, committed 12620K, reserved 1048576K
}
Event: 15.663 GC heap after
{Heap after GC invocations=35 (full 0):
 garbage-first heap   total 175104K, used 89603K [0x0000000080000000, 0x0000000100000000)
  region size 1024K, 4 young (4096K), 4 survivors (4096K)
 Metaspace       used 88086K, capacity 90803K, committed 90832K, reserved 1128448K
  class space    used 11605K, capacity 12619K, committed 12620K, reserved 1048576K
}
Event: 16.201 GC heap before
{Heap before GC invocations=36 (full 0):
 garbage-first heap   total 175104K, used 140803K [0x0000000080000000, 0x0000000100000000)
  region size 1024K, 54 young (55296K), 4 survivors (4096K)
 Metaspace       used 92148K, capacity 94768K, committed 94928K, reserved 1130496K
  class space    used 12082K, capacity 13085K, committed 13132K, reserved 1048576K
}
Event: 16.208 GC heap after
{Heap after GC invocations=37 (full 0):
 garbage-first heap   total 210944K, used 90500K [0x0000000080000000, 0x0000000100000000)
  region size 1024K, 5 young (5120K), 5 survivors (5120K)
 Metaspace       used 92148K, capacity 94768K, committed 94928K, reserved 1130496K
  class space    used 12082K, capacity 13085K, committed 13132K, reserved 1048576K
}
Event: 16.771 GC heap before
{Heap before GC invocations=37 (full 0):
 garbage-first heap   total 210944K, used 157060K [0x0000000080000000, 0x0000000100000000)
  region size 1024K, 72 young (73728K), 5 survivors (5120K)
 Metaspace       used 95265K, capacity 98072K, committed 98256K, reserved 1134592K
  class space    used 12468K, capacity 13533K, committed 13644K, reserved 1048576K
}
Event: 16.781 GC heap after
{Heap after GC invocations=38 (full 0):
 garbage-first heap   total 210944K, used 97040K [0x0000000080000000, 0x0000000100000000)
  region size 1024K, 9 young (9216K), 9 survivors (9216K)
 Metaspace       used 95265K, capacity 98072K, committed 98256K, reserved 1134592K
  class space    used 12468K, capacity 13533K, committed 13644K, reserved 1048576K
}
Event: 16.874 GC heap before
{Heap before GC invocations=38 (full 0):
 garbage-first heap   total 210944K, used 163600K [0x0000000080000000, 0x0000000100000000)
  region size 1024K, 73 young (74752K), 9 survivors (9216K)
 Metaspace       used 95741K, capacity 98537K, committed 98768K, reserved 1134592K
  class space    used 12523K, capacity 13581K, committed 13644K, reserved 1048576K
}
Event: 16.899 GC heap after
{Heap after GC invocations=39 (full 0):
 garbage-first heap   total 210944K, used 115065K [0x0000000080000000, 0x0000000100000000)
  region size 1024K, 10 young (10240K), 10 survivors (10240K)
 Metaspace       used 95741K, capacity 98537K, committed 98768K, reserved 1134592K
  class space    used 12523K, capacity 13581K, committed 13644K, reserved 1048576K
}
Event: 17.244 GC heap before
{Heap before GC invocations=39 (full 0):
 garbage-first heap   total 210944K, used 166265K [0x0000000080000000, 0x0000000100000000)
  region size 1024K, 61 young (62464K), 10 survivors (10240K)
 Metaspace       used 99054K, capacity 102266K, committed 102352K, reserved 1136640K
  class space    used 13078K, capacity 14337K, committed 14412K, reserved 1048576K
}
Event: 17.261 GC heap after
{Heap after GC invocations=40 (full 0):
 garbage-first heap   total 210944K, used 121215K [0x0000000080000000, 0x0000000100000000)
  region size 1024K, 8 young (8192K), 8 survivors (8192K)
 Metaspace       used 99054K, capacity 102266K, committed 102352K, reserved 1136640K
  class space    used 13078K, capacity 14337K, committed 14412K, reserved 1048576K
}
Event: 17.436 GC heap before
{Heap before GC invocations=41 (full 0):
 garbage-first heap   total 210944K, used 167295K [0x0000000080000000, 0x0000000100000000)
  region size 1024K, 53 young (54272K), 8 survivors (8192K)
 Metaspace       used 99014K, capacity 101845K, committed 102864K, reserved 1138688K
  class space    used 12973K, capacity 14080K, committed 14412K, reserved 1048576K
}
Event: 17.453 GC heap after
{Heap after GC invocations=42 (full 0):
 garbage-first heap   total 210944K, used 130497K [0x0000000080000000, 0x0000000100000000)
  region size 1024K, 7 young (7168K), 7 survivors (7168K)
 Metaspace       used 99014K, capacity 101845K, committed 102864K, reserved 1138688K
  class space    used 12973K, capacity 14080K, committed 14412K, reserved 1048576K
}
Event: 17.535 GC heap before
{Heap before GC invocations=42 (full 0):
 garbage-first heap   total 210944K, used 169409K [0x0000000080000000, 0x0000000100000000)
  region size 1024K, 45 young (46080K), 7 survivors (7168K)
 Metaspace       used 99583K, capacity 102597K, committed 103248K, reserved 1138688K
  class space    used 13093K, capacity 14270K, committed 14540K, reserved 1048576K
}

