# JRE version: OpenJDK Runtime Environment (11.0.15) (build 11.0.15+0-b2043.56-9505619)
# Java VM: OpenJDK 64-Bit Server VM (11.0.15+0-b2043.56-9505619, mixed mode, tiered, compressed oops, g1 gc, windows-amd64)
Heap:
 garbage-first heap   total 375808K, used 171976K [0x0000000080000000, 0x0000000100000000)
  region size 1024K, 7 young (7168K), 7 survivors (7168K)
 Metaspace       used 103336K, capacity 106232K, committed 106704K, reserved 1140736K
  class space    used 13581K, capacity 14789K, committed 14924K, reserved 1048576K
GC Heap History (20 events):
Event: 16.465 GC heap after
{Heap after GC invocations=26 (full 0):
 garbage-first heap   total 175104K, used 88873K [0x0000000080000000, 0x0000000100000000)
  region size 1024K, 7 young (7168K), 7 survivors (7168K)
 Metaspace       used 88789K, capacity 91437K, committed 91728K, reserved 1128448K
  class space    used 11648K, capacity 12680K, committed 12748K, reserved 1048576K
}
Event: 16.916 GC heap before
{Heap before GC invocations=27 (full 0):
 garbage-first heap   total 175104K, used 137001K [0x0000000080000000, 0x0000000100000000)
  region size 1024K, 55 young (56320K), 7 survivors (7168K)
 Metaspace       used 92308K, capacity 94957K, committed 95312K, reserved 1132544K
  class space    used 12117K, capacity 13128K, committed 13260K, reserved 1048576K
}
Event: 16.923 GC heap after
{Heap after GC invocations=28 (full 0):
 garbage-first heap   total 175104K, used 89505K [0x0000000080000000, 0x0000000100000000)
  region size 1024K, 4 young (4096K), 4 survivors (4096K)
 Metaspace       used 92308K, capacity 94957K, committed 95312K, reserved 1132544K
  class space    used 12117K, capacity 13128K, committed 13260K, reserved 1048576K
}
Event: 17.544 GC heap before
{Heap before GC invocations=28 (full 0):
 garbage-first heap   total 175104K, used 139681K [0x0000000080000000, 0x0000000100000000)
  region size 1024K, 54 young (55296K), 4 survivors (4096K)
 Metaspace       used 94729K, capacity 97524K, committed 97616K, reserved 1134592K
  class space    used 12377K, capacity 13452K, committed 13516K, reserved 1048576K
}
Event: 17.555 GC heap after
{Heap after GC invocations=29 (full 0):
 garbage-first heap   total 210944K, used 94926K [0x0000000080000000, 0x0000000100000000)
  region size 1024K, 6 young (6144K), 6 survivors (6144K)
 Metaspace       used 94729K, capacity 97524K, committed 97616K, reserved 1134592K
  class space    used 12377K, capacity 13452K, committed 13516K, reserved 1048576K
}
Event: 17.760 GC heap before
{Heap before GC invocations=30 (full 0):
 garbage-first heap   total 210944K, used 158414K [0x0000000080000000, 0x0000000100000000)
  region size 1024K, 69 young (70656K), 6 survivors (6144K)
 Metaspace       used 95334K, capacity 97812K, committed 98768K, reserved 1134592K
  class space    used 12384K, capacity 13348K, committed 13644K, reserved 1048576K
}
Event: 17.775 GC heap after
{Heap after GC invocations=31 (full 0):
 garbage-first heap   total 210944K, used 110857K [0x0000000080000000, 0x0000000100000000)
  region size 1024K, 9 young (9216K), 9 survivors (9216K)
 Metaspace       used 95334K, capacity 97812K, committed 98768K, reserved 1134592K
  class space    used 12384K, capacity 13348K, committed 13644K, reserved 1048576K
}
Event: 18.123 GC heap before
{Heap before GC invocations=31 (full 0):
 garbage-first heap   total 210944K, used 163081K [0x0000000080000000, 0x0000000100000000)
  region size 1024K, 61 young (62464K), 9 survivors (9216K)
 Metaspace       used 98713K, capacity 101415K, committed 101712K, reserved 1136640K
  class space    used 12867K, capacity 13932K, committed 14028K, reserved 1048576K
}
Event: 18.140 GC heap after
{Heap after GC invocations=32 (full 0):
 garbage-first heap   total 210944K, used 117377K [0x0000000080000000, 0x0000000100000000)
  region size 1024K, 8 young (8192K), 8 survivors (8192K)
 Metaspace       used 98713K, capacity 101415K, committed 101712K, reserved 1136640K
  class space    used 12867K, capacity 13932K, committed 14028K, reserved 1048576K
}
Event: 18.347 GC heap before
{Heap before GC invocations=33 (full 0):
 garbage-first heap   total 210944K, used 165505K [0x0000000080000000, 0x0000000100000000)
  region size 1024K, 56 young (57344K), 8 survivors (8192K)
 Metaspace       used 99748K, capacity 102537K, committed 102608K, reserved 1138688K
  class space    used 13029K, capacity 14110K, committed 14156K, reserved 1048576K
}
Event: 18.365 GC heap after
{Heap after GC invocations=34 (full 0):
 garbage-first heap   total 210944K, used 127371K [0x0000000080000000, 0x0000000100000000)
  region size 1024K, 7 young (7168K), 7 survivors (7168K)
 Metaspace       used 99748K, capacity 102537K, committed 102608K, reserved 1138688K
  class space    used 13029K, capacity 14110K, committed 14156K, reserved 1048576K
}
Event: 18.478 GC heap before
{Heap before GC invocations=34 (full 0):
 garbage-first heap   total 210944K, used 168331K [0x0000000080000000, 0x0000000100000000)
  region size 1024K, 48 young (49152K), 7 survivors (7168K)
 Metaspace       used 100754K, capacity 103520K, committed 103760K, reserved 1138688K
  class space    used 13170K, capacity 14244K, committed 14284K, reserved 1048576K
}
Event: 18.501 GC heap after
{Heap after GC invocations=35 (full 0):
 garbage-first heap   total 253952K, used 135351K [0x0000000080000000, 0x0000000100000000)
  region size 1024K, 6 young (6144K), 6 survivors (6144K)
 Metaspace       used 100754K, capacity 103520K, committed 103760K, reserved 1138688K
  class space    used 13170K, capacity 14244K, committed 14284K, reserved 1048576K
}
Event: 18.702 GC heap before
{Heap before GC invocations=36 (full 0):
 garbage-first heap   total 253952K, used 192695K [0x0000000080000000, 0x0000000100000000)
  region size 1024K, 63 young (64512K), 6 survivors (6144K)
 Metaspace       used 101297K, capacity 103904K, committed 104400K, reserved 1138688K
  class space    used 13181K, capacity 14207K, committed 14412K, reserved 1048576K
}
Event: 18.729 GC heap after
{Heap after GC invocations=37 (full 0):
 garbage-first heap   total 253952K, used 145926K [0x0000000080000000, 0x0000000100000000)
  region size 1024K, 8 young (8192K), 8 survivors (8192K)
 Metaspace       used 101297K, capacity 103904K, committed 104400K, reserved 1138688K
  class space    used 13181K, capacity 14207K, committed 14412K, reserved 1048576K
}
Event: 18.868 GC heap before
{Heap before GC invocations=37 (full 0):
 garbage-first heap   total 253952K, used 200198K [0x0000000080000000, 0x0000000100000000)
  region size 1024K, 61 young (62464K), 8 survivors (8192K)
 Metaspace       used 102593K, capacity 105561K, committed 105808K, reserved 1140736K
  class space    used 13479K, capacity 14718K, committed 14796K, reserved 1048576K
}
Event: 18.884 GC heap after
{Heap after GC invocations=38 (full 0):
 garbage-first heap   total 253952K, used 155252K [0x0000000080000000, 0x0000000100000000)
  region size 1024K, 8 young (8192K), 8 survivors (8192K)
 Metaspace       used 102593K, capacity 105561K, committed 105808K, reserved 1140736K
  class space    used 13479K, capacity 14718K, committed 14796K, reserved 1048576K
}
Event: 18.973 GC heap before
{Heap before GC invocations=38 (full 0):
 garbage-first heap   total 253952K, used 204404K [0x0000000080000000, 0x0000000100000000)
  region size 1024K, 57 young (58368K), 8 survivors (8192K)
 Metaspace       used 103048K, capacity 105987K, committed 106064K, reserved 1140736K
  class space    used 13551K, capacity 14774K, committed 14796K, reserved 1048576K
}
Event: 18.987 GC heap after
{Heap after GC invocations=39 (full 0):
 garbage-first heap   total 253952K, used 164346K [0x0000000080000000, 0x0000000100000000)
  region size 1024K, 8 young (8192K), 8 survivors (8192K)
 Metaspace       used 103048K, capacity 105987K, committed 106064K, reserved 1140736K
  class space    used 13551K, capacity 14774K, committed 14796K, reserved 1048576K
}
Event: 19.104 GC heap before
{Heap before GC invocations=39 (full 0):
 garbage-first heap   total 253952K, used 207354K [0x0000000080000000, 0x0000000100000000)
  region size 1024K, 51 young (52224K), 8 survivors (8192K)
 Metaspace       used 103336K, capacity 106232K, committed 106704K, reserved 1140736K
  class space    used 13581K, capacity 14789K, committed 14924K, reserved 1048576K
}

