# JRE version: OpenJDK Runtime Environment (11.0.15) (build 11.0.15+0-b2043.56-9505619)
# Java VM: OpenJDK 64-Bit Server VM (11.0.15+0-b2043.56-9505619, mixed mode, tiered, compressed oops, g1 gc, windows-amd64)
Heap:
 garbage-first heap   total 210944K, used 100213K [0x0000000080000000, 0x0000000100000000)
  region size 1024K, 7 young (7168K), 7 survivors (7168K)
 Metaspace       used 94697K, capacity 97263K, committed 97584K, reserved 1134592K
  class space    used 12309K, capacity 13277K, committed 13440K, reserved 1048576K
GC Heap History (20 events):
Event: 14.990 GC heap after
{Heap after GC invocations=27 (full 0):
 garbage-first heap   total 120832K, used 66070K [0x0000000080000000, 0x0000000100000000)
  region size 1024K, 4 young (4096K), 4 survivors (4096K)
 Metaspace       used 73052K, capacity 74815K, committed 74928K, reserved 1114112K
  class space    used 9472K, capacity 10177K, committed 10240K, reserved 1048576K
}
Event: 15.501 GC heap before
{Heap before GC invocations=28 (full 0):
 garbage-first heap   total 120832K, used 96790K [0x0000000080000000, 0x0000000100000000)
  region size 1024K, 34 young (34816K), 4 survivors (4096K)
 Metaspace       used 75888K, capacity 77694K, committed 77872K, reserved 1116160K
  class space    used 9850K, capacity 10548K, committed 10624K, reserved 1048576K
}
Event: 15.508 GC heap after
{Heap after GC invocations=29 (full 0):
 garbage-first heap   total 145408K, used 68219K [0x0000000080000000, 0x0000000100000000)
  region size 1024K, 4 young (4096K), 4 survivors (4096K)
 Metaspace       used 75888K, capacity 77694K, committed 77872K, reserved 1116160K
  class space    used 9850K, capacity 10548K, committed 10624K, reserved 1048576K
}
Event: 15.962 GC heap before
{Heap before GC invocations=29 (full 0):
 garbage-first heap   total 145408K, used 108155K [0x0000000080000000, 0x0000000100000000)
  region size 1024K, 43 young (44032K), 4 survivors (4096K)
 Metaspace       used 79419K, capacity 81297K, committed 81584K, reserved 1120256K
  class space    used 10388K, capacity 11140K, committed 11264K, reserved 1048576K
}
Event: 15.969 GC heap after
{Heap after GC invocations=30 (full 0):
 garbage-first heap   total 145408K, used 70286K [0x0000000080000000, 0x0000000100000000)
  region size 1024K, 5 young (5120K), 5 survivors (5120K)
 Metaspace       used 79419K, capacity 81297K, committed 81584K, reserved 1120256K
  class space    used 10388K, capacity 11140K, committed 11264K, reserved 1048576K
}
Event: 16.569 GC heap before
{Heap before GC invocations=30 (full 0):
 garbage-first heap   total 145408K, used 110222K [0x0000000080000000, 0x0000000100000000)
  region size 1024K, 44 young (45056K), 5 survivors (5120K)
 Metaspace       used 83511K, capacity 85504K, committed 85680K, reserved 1124352K
  class space    used 10903K, capacity 11690K, committed 11776K, reserved 1048576K
}
Event: 16.579 GC heap after
{Heap after GC invocations=31 (full 0):
 garbage-first heap   total 145408K, used 73142K [0x0000000080000000, 0x0000000100000000)
  region size 1024K, 5 young (5120K), 5 survivors (5120K)
 Metaspace       used 83511K, capacity 85504K, committed 85680K, reserved 1124352K
  class space    used 10903K, capacity 11690K, committed 11776K, reserved 1048576K
}
Event: 16.960 GC heap before
{Heap before GC invocations=32 (full 0):
 garbage-first heap   total 145408K, used 113078K [0x0000000080000000, 0x0000000100000000)
  region size 1024K, 44 young (45056K), 5 survivors (5120K)
 Metaspace       used 84774K, capacity 86901K, committed 87088K, reserved 1124352K
  class space    used 11047K, capacity 11872K, committed 11904K, reserved 1048576K
}
Event: 16.968 GC heap after
{Heap after GC invocations=33 (full 0):
 garbage-first heap   total 145408K, used 77453K [0x0000000080000000, 0x0000000100000000)
  region size 1024K, 6 young (6144K), 6 survivors (6144K)
 Metaspace       used 84774K, capacity 86901K, committed 87088K, reserved 1124352K
  class space    used 11047K, capacity 11872K, committed 11904K, reserved 1048576K
}
Event: 17.165 GC heap before
{Heap before GC invocations=33 (full 0):
 garbage-first heap   total 145408K, used 116365K [0x0000000080000000, 0x0000000100000000)
  region size 1024K, 44 young (45056K), 6 survivors (6144K)
 Metaspace       used 84851K, capacity 86977K, committed 87088K, reserved 1124352K
  class space    used 11052K, capacity 11875K, committed 11904K, reserved 1048576K
}
Event: 17.175 GC heap after
{Heap after GC invocations=34 (full 0):
 garbage-first heap   total 175104K, used 83423K [0x0000000080000000, 0x0000000100000000)
  region size 1024K, 6 young (6144K), 6 survivors (6144K)
 Metaspace       used 84851K, capacity 86977K, committed 87088K, reserved 1124352K
  class space    used 11052K, capacity 11875K, committed 11904K, reserved 1048576K
}
Event: 17.863 GC heap before
{Heap before GC invocations=35 (full 0):
 garbage-first heap   total 175104K, used 128479K [0x0000000080000000, 0x0000000100000000)
  region size 1024K, 51 young (52224K), 6 survivors (6144K)
 Metaspace       used 87306K, capacity 89858K, committed 90032K, reserved 1126400K
  class space    used 11525K, capacity 12496K, committed 12544K, reserved 1048576K
}
Event: 17.870 GC heap after
{Heap after GC invocations=36 (full 0):
 garbage-first heap   total 175104K, used 87058K [0x0000000080000000, 0x0000000100000000)
  region size 1024K, 4 young (4096K), 4 survivors (4096K)
 Metaspace       used 87306K, capacity 89858K, committed 90032K, reserved 1126400K
  class space    used 11525K, capacity 12496K, committed 12544K, reserved 1048576K
}
Event: 18.449 GC heap before
{Heap before GC invocations=36 (full 0):
 garbage-first heap   total 175104K, used 131090K [0x0000000080000000, 0x0000000100000000)
  region size 1024K, 48 young (49152K), 4 survivors (4096K)
 Metaspace       used 87864K, capacity 90418K, committed 90672K, reserved 1128448K
  class space    used 11572K, capacity 12563K, committed 12672K, reserved 1048576K
}
Event: 18.460 GC heap after
{Heap after GC invocations=37 (full 0):
 garbage-first heap   total 175104K, used 90039K [0x0000000080000000, 0x0000000100000000)
  region size 1024K, 3 young (3072K), 3 survivors (3072K)
 Metaspace       used 87864K, capacity 90418K, committed 90672K, reserved 1128448K
  class space    used 11572K, capacity 12563K, committed 12672K, reserved 1048576K
}
Event: 18.905 GC heap before
{Heap before GC invocations=38 (full 0):
 garbage-first heap   total 175104K, used 135095K [0x0000000080000000, 0x0000000100000000)
  region size 1024K, 48 young (49152K), 3 survivors (3072K)
 Metaspace       used 90595K, capacity 93157K, committed 93232K, reserved 1130496K
  class space    used 11871K, capacity 12869K, committed 12928K, reserved 1048576K
}
Event: 18.910 GC heap after
{Heap after GC invocations=39 (full 0):
 garbage-first heap   total 175104K, used 91297K [0x0000000080000000, 0x0000000100000000)
  region size 1024K, 5 young (5120K), 5 survivors (5120K)
 Metaspace       used 90595K, capacity 93157K, committed 93232K, reserved 1130496K
  class space    used 11871K, capacity 12869K, committed 12928K, reserved 1048576K
}
Event: 19.330 GC heap before
{Heap before GC invocations=39 (full 0):
 garbage-first heap   total 175104K, used 136353K [0x0000000080000000, 0x0000000100000000)
  region size 1024K, 50 young (51200K), 5 survivors (5120K)
 Metaspace       used 93248K, capacity 95914K, committed 96048K, reserved 1132544K
  class space    used 12182K, capacity 13182K, committed 13184K, reserved 1048576K
}
Event: 19.338 GC heap after
{Heap after GC invocations=40 (full 0):
 garbage-first heap   total 175104K, used 94486K [0x0000000080000000, 0x0000000100000000)
  region size 1024K, 5 young (5120K), 5 survivors (5120K)
 Metaspace       used 93248K, capacity 95914K, committed 96048K, reserved 1132544K
  class space    used 12182K, capacity 13182K, committed 13184K, reserved 1048576K
}
Event: 19.720 GC heap before
{Heap before GC invocations=41 (full 0):
 garbage-first heap   total 175104K, used 139542K [0x0000000080000000, 0x0000000100000000)
  region size 1024K, 51 young (52224K), 5 survivors (5120K)
 Metaspace       used 94697K, capacity 97263K, committed 97584K, reserved 1134592K
  class space    used 12309K, capacity 13277K, committed 13440K, reserved 1048576K
}

