# JRE version: OpenJDK Runtime Environment (11.0.15) (build 11.0.15+0-b2043.56-9505619)
# Java VM: OpenJDK 64-Bit Server VM (11.0.15+0-b2043.56-9505619, mixed mode, tiered, compressed oops, g1 gc, windows-amd64)
Heap:
 garbage-first heap   total 175104K, used 108976K [0x0000000080000000, 0x0000000100000000)
  region size 1024K, 17 young (17408K), 7 survivors (7168K)
 Metaspace       used 95958K, capacity 98813K, committed 99100K, reserved 1134592K
  class space    used 12569K, capacity 13647K, committed 13720K, reserved 1048576K
GC Heap History (20 events):
Event: 11.743 GC heap before
{Heap before GC invocations=17 (full 0):
 garbage-first heap   total 145408K, used 113036K [0x0000000080000000, 0x0000000100000000)
  region size 1024K, 56 young (57344K), 7 survivors (7168K)
 Metaspace       used 74413K, capacity 76161K, committed 76316K, reserved 1116160K
  class space    used 9646K, capacity 10338K, committed 10392K, reserved 1048576K
}
Event: 11.751 GC heap after
{Heap after GC invocations=18 (full 0):
 garbage-first heap   total 145408K, used 65909K [0x0000000080000000, 0x0000000100000000)
  region size 1024K, 4 young (4096K), 4 survivors (4096K)
 Metaspace       used 74413K, capacity 76161K, committed 76316K, reserved 1116160K
  class space    used 9646K, capacity 10338K, committed 10392K, reserved 1048576K
}
Event: 12.493 GC heap before
{Heap before GC invocations=18 (full 0):
 garbage-first heap   total 145408K, used 115061K [0x0000000080000000, 0x0000000100000000)
  region size 1024K, 52 young (53248K), 4 survivors (4096K)
 Metaspace       used 78752K, capacity 80742K, committed 80924K, reserved 1120256K
  class space    used 10268K, capacity 11036K, committed 11160K, reserved 1048576K
}
Event: 12.499 GC heap after
{Heap after GC invocations=19 (full 0):
 garbage-first heap   total 145408K, used 68769K [0x0000000080000000, 0x0000000100000000)
  region size 1024K, 6 young (6144K), 6 survivors (6144K)
 Metaspace       used 78752K, capacity 80742K, committed 80924K, reserved 1120256K
  class space    used 10268K, capacity 11036K, committed 11160K, reserved 1048576K
}
Event: 13.182 GC heap before
{Heap before GC invocations=19 (full 0):
 garbage-first heap   total 145408K, used 117921K [0x0000000080000000, 0x0000000100000000)
  region size 1024K, 54 young (55296K), 6 survivors (6144K)
 Metaspace       used 83699K, capacity 85719K, committed 85916K, reserved 1124352K
  class space    used 10934K, capacity 11714K, committed 11800K, reserved 1048576K
}
Event: 13.191 GC heap after
{Heap after GC invocations=20 (full 0):
 garbage-first heap   total 145408K, used 72517K [0x0000000080000000, 0x0000000100000000)
  region size 1024K, 7 young (7168K), 7 survivors (7168K)
 Metaspace       used 83699K, capacity 85719K, committed 85916K, reserved 1124352K
  class space    used 10934K, capacity 11714K, committed 11800K, reserved 1048576K
}
Event: 13.638 GC heap before
{Heap before GC invocations=20 (full 0):
 garbage-first heap   total 145408K, used 118597K [0x0000000080000000, 0x0000000100000000)
  region size 1024K, 52 young (53248K), 7 survivors (7168K)
 Metaspace       used 84891K, capacity 87003K, committed 87068K, reserved 1124352K
  class space    used 11065K, capacity 11899K, committed 11928K, reserved 1048576K
}
Event: 13.655 GC heap after
{Heap after GC invocations=21 (full 0):
 garbage-first heap   total 145408K, used 77546K [0x0000000080000000, 0x0000000100000000)
  region size 1024K, 7 young (7168K), 7 survivors (7168K)
 Metaspace       used 84891K, capacity 87003K, committed 87068K, reserved 1124352K
  class space    used 11065K, capacity 11899K, committed 11928K, reserved 1048576K
}
Event: 14.010 GC heap before
{Heap before GC invocations=22 (full 0):
 garbage-first heap   total 145408K, used 119530K [0x0000000080000000, 0x0000000100000000)
  region size 1024K, 48 young (49152K), 7 survivors (7168K)
 Metaspace       used 85727K, capacity 87877K, committed 88092K, reserved 1126400K
  class space    used 11229K, capacity 12080K, committed 12184K, reserved 1048576K
}
Event: 14.020 GC heap after
{Heap after GC invocations=23 (full 0):
 garbage-first heap   total 145408K, used 83352K [0x0000000080000000, 0x0000000100000000)
  region size 1024K, 6 young (6144K), 6 survivors (6144K)
 Metaspace       used 85727K, capacity 87877K, committed 88092K, reserved 1126400K
  class space    used 11229K, capacity 12080K, committed 12184K, reserved 1048576K
}
Event: 14.800 GC heap before
{Heap before GC invocations=23 (full 0):
 garbage-first heap   total 145408K, used 118168K [0x0000000080000000, 0x0000000100000000)
  region size 1024K, 41 young (41984K), 6 survivors (6144K)
 Metaspace       used 87481K, capacity 90101K, committed 90268K, reserved 1126400K
  class space    used 11562K, capacity 12528K, committed 12568K, reserved 1048576K
}
Event: 14.810 GC heap after
{Heap after GC invocations=24 (full 0):
 garbage-first heap   total 175104K, used 86307K [0x0000000080000000, 0x0000000100000000)
  region size 1024K, 3 young (3072K), 3 survivors (3072K)
 Metaspace       used 87481K, capacity 90101K, committed 90268K, reserved 1126400K
  class space    used 11562K, capacity 12528K, committed 12568K, reserved 1048576K
}
Event: 15.473 GC heap before
{Heap before GC invocations=25 (full 0):
 garbage-first heap   total 175104K, used 135459K [0x0000000080000000, 0x0000000100000000)
  region size 1024K, 52 young (53248K), 3 survivors (3072K)
 Metaspace       used 88075K, capacity 90762K, committed 90908K, reserved 1128448K
  class space    used 11608K, capacity 12627K, committed 12696K, reserved 1048576K
}
Event: 15.480 GC heap after
{Heap after GC invocations=26 (full 0):
 garbage-first heap   total 175104K, used 89246K [0x0000000080000000, 0x0000000100000000)
  region size 1024K, 6 young (6144K), 6 survivors (6144K)
 Metaspace       used 88075K, capacity 90762K, committed 90908K, reserved 1128448K
  class space    used 11608K, capacity 12627K, committed 12696K, reserved 1048576K
}
Event: 15.972 GC heap before
{Heap before GC invocations=26 (full 0):
 garbage-first heap   total 175104K, used 137374K [0x0000000080000000, 0x0000000100000000)
  region size 1024K, 54 young (55296K), 6 survivors (6144K)
 Metaspace       used 91596K, capacity 94252K, committed 94492K, reserved 1130496K
  class space    used 12021K, capacity 13060K, committed 13208K, reserved 1048576K
}
Event: 15.979 GC heap after
{Heap after GC invocations=27 (full 0):
 garbage-first heap   total 175104K, used 90134K [0x0000000080000000, 0x0000000100000000)
  region size 1024K, 5 young (5120K), 5 survivors (5120K)
 Metaspace       used 91596K, capacity 94252K, committed 94492K, reserved 1130496K
  class space    used 12021K, capacity 13060K, committed 13208K, reserved 1048576K
}
Event: 16.482 GC heap before
{Heap before GC invocations=28 (full 0):
 garbage-first heap   total 175104K, used 139286K [0x0000000080000000, 0x0000000100000000)
  region size 1024K, 54 young (55296K), 5 survivors (5120K)
 Metaspace       used 93914K, capacity 96674K, committed 96924K, reserved 1132544K
  class space    used 12265K, capacity 13301K, committed 13336K, reserved 1048576K
}
Event: 16.491 GC heap after
{Heap after GC invocations=29 (full 0):
 garbage-first heap   total 175104K, used 93751K [0x0000000080000000, 0x0000000100000000)
  region size 1024K, 5 young (5120K), 5 survivors (5120K)
 Metaspace       used 93914K, capacity 96674K, committed 96924K, reserved 1132544K
  class space    used 12265K, capacity 13301K, committed 13336K, reserved 1048576K
}
Event: 16.747 GC heap before
{Heap before GC invocations=29 (full 0):
 garbage-first heap   total 175104K, used 141879K [0x0000000080000000, 0x0000000100000000)
  region size 1024K, 53 young (54272K), 5 survivors (5120K)
 Metaspace       used 95490K, capacity 98349K, committed 98588K, reserved 1134592K
  class space    used 12501K, capacity 13580K, committed 13720K, reserved 1048576K
}
Event: 16.756 GC heap after
{Heap after GC invocations=30 (full 0):
 garbage-first heap   total 175104K, used 99760K [0x0000000080000000, 0x0000000100000000)
  region size 1024K, 7 young (7168K), 7 survivors (7168K)
 Metaspace       used 95490K, capacity 98349K, committed 98588K, reserved 1134592K
  class space    used 12501K, capacity 13580K, committed 13720K, reserved 1048576K
}

