# JRE version: OpenJDK Runtime Environment (11.0.15) (build 11.0.15+0-b2043.56-9505619)
# Java VM: OpenJDK 64-Bit Server VM (11.0.15+0-b2043.56-9505619, mixed mode, tiered, compressed oops, g1 gc, windows-amd64)
Heap:
 garbage-first heap   total 503808K, used 180642K [0x0000000080000000, 0x0000000100000000)
  region size 1024K, 7 young (7168K), 7 survivors (7168K)
 Metaspace       used 105241K, capacity 108409K, committed 108956K, reserved 1142784K
  class space    used 13913K, capacity 15180K, committed 15384K, reserved 1048576K
GC Heap History (20 events):
Event: 22.699 GC heap after
{Heap after GC invocations=40 (full 0):
 garbage-first heap   total 175104K, used 113958K [0x0000000080000000, 0x0000000100000000)
  region size 1024K, 6 young (6144K), 6 survivors (6144K)
 Metaspace       used 95938K, capacity 98536K, committed 99100K, reserved 1134592K
  class space    used 12482K, capacity 13464K, committed 13720K, reserved 1048576K
}
Event: 23.044 GC heap before
{Heap before GC invocations=41 (full 0):
 garbage-first heap   total 175104K, used 141606K [0x0000000080000000, 0x0000000100000000)
  region size 1024K, 34 young (34816K), 6 survivors (6144K)
 Metaspace       used 98901K, capacity 101893K, committed 102172K, reserved 1136640K
  class space    used 12966K, capacity 14109K, committed 14232K, reserved 1048576K
}
Event: 23.050 GC heap after
{Heap after GC invocations=42 (full 0):
 garbage-first heap   total 175104K, used 116363K [0x0000000080000000, 0x0000000100000000)
  region size 1024K, 5 young (5120K), 5 survivors (5120K)
 Metaspace       used 98901K, capacity 101893K, committed 102172K, reserved 1136640K
  class space    used 12966K, capacity 14109K, committed 14232K, reserved 1048576K
}
Event: 23.109 GC heap before
{Heap before GC invocations=42 (full 0):
 garbage-first heap   total 175104K, used 144011K [0x0000000080000000, 0x0000000100000000)
  region size 1024K, 32 young (32768K), 5 survivors (5120K)
 Metaspace       used 99153K, capacity 102130K, committed 102428K, reserved 1138688K
  class space    used 13000K, capacity 14124K, committed 14232K, reserved 1048576K
}
Event: 23.126 GC heap after
{Heap after GC invocations=43 (full 0):
 garbage-first heap   total 210944K, used 122009K [0x0000000080000000, 0x0000000100000000)
  region size 1024K, 4 young (4096K), 4 survivors (4096K)
 Metaspace       used 99153K, capacity 102130K, committed 102428K, reserved 1138688K
  class space    used 13000K, capacity 14124K, committed 14232K, reserved 1048576K
}
Event: 23.303 GC heap before
{Heap before GC invocations=44 (full 0):
 garbage-first heap   total 210944K, used 161945K [0x0000000080000000, 0x0000000100000000)
  region size 1024K, 43 young (44032K), 4 survivors (4096K)
 Metaspace       used 99817K, capacity 102951K, committed 103068K, reserved 1138688K
  class space    used 13106K, capacity 14287K, committed 14360K, reserved 1048576K
}
Event: 23.316 GC heap after
{Heap after GC invocations=45 (full 0):
 garbage-first heap   total 210944K, used 130365K [0x0000000080000000, 0x0000000100000000)
  region size 1024K, 6 young (6144K), 6 survivors (6144K)
 Metaspace       used 99817K, capacity 102951K, committed 103068K, reserved 1138688K
  class space    used 13106K, capacity 14287K, committed 14360K, reserved 1048576K
}
Event: 23.502 GC heap before
{Heap before GC invocations=45 (full 0):
 garbage-first heap   total 210944K, used 165181K [0x0000000080000000, 0x0000000100000000)
  region size 1024K, 41 young (41984K), 6 survivors (6144K)
 Metaspace       used 102183K, capacity 105418K, committed 105500K, reserved 1140736K
  class space    used 13461K, capacity 14671K, committed 14744K, reserved 1048576K
}
Event: 23.516 GC heap after
{Heap after GC invocations=46 (full 0):
 garbage-first heap   total 210944K, used 136894K [0x0000000080000000, 0x0000000100000000)
  region size 1024K, 6 young (6144K), 6 survivors (6144K)
 Metaspace       used 102183K, capacity 105418K, committed 105500K, reserved 1140736K
  class space    used 13461K, capacity 14671K, committed 14744K, reserved 1048576K
}
Event: 23.614 GC heap before
{Heap before GC invocations=46 (full 0):
 garbage-first heap   total 210944K, used 170686K [0x0000000080000000, 0x0000000100000000)
  region size 1024K, 39 young (39936K), 6 survivors (6144K)
 Metaspace       used 102498K, capacity 105835K, committed 106012K, reserved 1140736K
  class space    used 13569K, capacity 14892K, committed 15000K, reserved 1048576K
}
Event: 23.626 GC heap after
{Heap after GC invocations=47 (full 0):
 garbage-first heap   total 210944K, used 142685K [0x0000000080000000, 0x0000000100000000)
  region size 1024K, 5 young (5120K), 5 survivors (5120K)
 Metaspace       used 102498K, capacity 105835K, committed 106012K, reserved 1140736K
  class space    used 13569K, capacity 14892K, committed 15000K, reserved 1048576K
}
Event: 23.720 GC heap before
{Heap before GC invocations=48 (full 0):
 garbage-first heap   total 210944K, used 173405K [0x0000000080000000, 0x0000000100000000)
  region size 1024K, 35 young (35840K), 5 survivors (5120K)
 Metaspace       used 102410K, capacity 105513K, committed 106268K, reserved 1140736K
  class space    used 13502K, capacity 14756K, committed 15000K, reserved 1048576K
}
Event: 23.732 GC heap after
{Heap after GC invocations=49 (full 0):
 garbage-first heap   total 275456K, used 148480K [0x0000000080000000, 0x0000000100000000)
  region size 1024K, 5 young (5120K), 5 survivors (5120K)
 Metaspace       used 102410K, capacity 105513K, committed 106268K, reserved 1140736K
  class space    used 13502K, capacity 14756K, committed 15000K, reserved 1048576K
}
Event: 23.857 GC heap before
{Heap before GC invocations=49 (full 0):
 garbage-first heap   total 275456K, used 197632K [0x0000000080000000, 0x0000000100000000)
  region size 1024K, 53 young (54272K), 5 survivors (5120K)
 Metaspace       used 103585K, capacity 106967K, committed 107164K, reserved 1140736K
  class space    used 13697K, capacity 15042K, committed 15128K, reserved 1048576K
}
Event: 23.874 GC heap after
{Heap after GC invocations=50 (full 0):
 garbage-first heap   total 275456K, used 156782K [0x0000000080000000, 0x0000000100000000)
  region size 1024K, 7 young (7168K), 7 survivors (7168K)
 Metaspace       used 103585K, capacity 106967K, committed 107164K, reserved 1140736K
  class space    used 13697K, capacity 15042K, committed 15128K, reserved 1048576K
}
Event: 23.946 GC heap before
{Heap before GC invocations=50 (full 0):
 garbage-first heap   total 275456K, used 204910K [0x0000000080000000, 0x0000000100000000)
  region size 1024K, 54 young (55296K), 7 survivors (7168K)
 Metaspace       used 103872K, capacity 107223K, committed 107420K, reserved 1142784K
  class space    used 13735K, capacity 15065K, committed 15128K, reserved 1048576K
}
Event: 23.962 GC heap after
{Heap after GC invocations=51 (full 0):
 garbage-first heap   total 275456K, used 164864K [0x0000000080000000, 0x0000000100000000)
  region size 1024K, 7 young (7168K), 7 survivors (7168K)
 Metaspace       used 103872K, capacity 107223K, committed 107420K, reserved 1142784K
  class space    used 13735K, capacity 15065K, committed 15128K, reserved 1048576K
}
Event: 24.076 GC heap before
{Heap before GC invocations=51 (full 0):
 garbage-first heap   total 275456K, used 210944K [0x0000000080000000, 0x0000000100000000)
  region size 1024K, 53 young (54272K), 7 survivors (7168K)
 Metaspace       used 103876K, capacity 106912K, committed 108060K, reserved 1142784K
  class space    used 13639K, capacity 14817K, committed 15256K, reserved 1048576K
}
Event: 24.092 GC heap after
{Heap after GC invocations=52 (full 0):
 garbage-first heap   total 275456K, used 172884K [0x0000000080000000, 0x0000000100000000)
  region size 1024K, 7 young (7168K), 7 survivors (7168K)
 Metaspace       used 103876K, capacity 106912K, committed 108060K, reserved 1142784K
  class space    used 13639K, capacity 14817K, committed 15256K, reserved 1048576K
}
Event: 24.207 GC heap before
{Heap before GC invocations=53 (full 0):
 garbage-first heap   total 275456K, used 218964K [0x0000000080000000, 0x0000000100000000)
  region size 1024K, 52 young (53248K), 7 survivors (7168K)
 Metaspace       used 105241K, capacity 108409K, committed 108956K, reserved 1142784K
  class space    used 13913K, capacity 15180K, committed 15384K, reserved 1048576K
}

