# JRE version: OpenJDK Runtime Environment (11.0.15) (build 11.0.15+0-b2043.56-9505619)
# Java VM: OpenJDK 64-Bit Server VM (11.0.15+0-b2043.56-9505619, mixed mode, tiered, compressed oops, g1 gc, windows-amd64)
Heap:
 garbage-first heap   total 478208K, used 230738K [0x0000000080000000, 0x0000000100000000)
  region size 1024K, 5 young (5120K), 5 survivors (5120K)
 Metaspace       used 113464K, capacity 116870K, committed 117072K, reserved 1150976K
  class space    used 14605K, capacity 15951K, committed 16076K, reserved 1048576K
GC Heap History (20 events):
Event: 33.720 GC heap after
{Heap after GC invocations=62 (full 0):
 garbage-first heap   total 259072K, used 134206K [0x0000000080000000, 0x0000000100000000)
  region size 1024K, 4 young (4096K), 4 survivors (4096K)
 Metaspace       used 109912K, capacity 113041K, committed 113104K, reserved 1146880K
  class space    used 14168K, capacity 15397K, committed 15436K, reserved 1048576K
}
Event: 34.605 GC heap before
{Heap before GC invocations=62 (full 0):
 garbage-first heap   total 259072K, used 232510K [0x0000000080000000, 0x0000000100000000)
  region size 1024K, 93 young (95232K), 4 survivors (4096K)
 Metaspace       used 112042K, capacity 115348K, committed 115536K, reserved 1148928K
  class space    used 14417K, capacity 15722K, committed 15820K, reserved 1048576K
}
Event: 34.610 GC heap after
{Heap after GC invocations=63 (full 0):
 garbage-first heap   total 259072K, used 141520K [0x0000000080000000, 0x0000000100000000)
  region size 1024K, 5 young (5120K), 5 survivors (5120K)
 Metaspace       used 112042K, capacity 115348K, committed 115536K, reserved 1148928K
  class space    used 14417K, capacity 15722K, committed 15820K, reserved 1048576K
}
Event: 34.707 GC heap before
{Heap before GC invocations=63 (full 0):
 garbage-first heap   total 259072K, used 190672K [0x0000000080000000, 0x0000000100000000)
  region size 1024K, 40 young (40960K), 5 survivors (5120K)
 Metaspace       used 112437K, capacity 115823K, committed 116048K, reserved 1148928K
  class space    used 14482K, capacity 15795K, committed 15820K, reserved 1048576K
}
Event: 34.716 GC heap after
{Heap after GC invocations=64 (full 0):
 garbage-first heap   total 259072K, used 155936K [0x0000000080000000, 0x0000000100000000)
  region size 1024K, 8 young (8192K), 8 survivors (8192K)
 Metaspace       used 112437K, capacity 115823K, committed 116048K, reserved 1148928K
  class space    used 14482K, capacity 15795K, committed 15820K, reserved 1048576K
}
Event: 34.881 GC heap before
{Heap before GC invocations=64 (full 0):
 garbage-first heap   total 259072K, used 234784K [0x0000000080000000, 0x0000000100000000)
  region size 1024K, 66 young (67584K), 8 survivors (8192K)
 Metaspace       used 112521K, capacity 115895K, committed 116048K, reserved 1148928K
  class space    used 14487K, capacity 15797K, committed 15820K, reserved 1048576K
}
Event: 34.895 GC heap after
{Heap after GC invocations=65 (full 0):
 garbage-first heap   total 259072K, used 172435K [0x0000000080000000, 0x0000000100000000)
  region size 1024K, 9 young (9216K), 9 survivors (9216K)
 Metaspace       used 112521K, capacity 115895K, committed 116048K, reserved 1148928K
  class space    used 14487K, capacity 15797K, committed 15820K, reserved 1048576K
}
Event: 34.973 GC heap before
{Heap before GC invocations=66 (full 0):
 garbage-first heap   total 259072K, used 218515K [0x0000000080000000, 0x0000000100000000)
  region size 1024K, 53 young (54272K), 9 survivors (9216K)
 Metaspace       used 112521K, capacity 115895K, committed 116048K, reserved 1148928K
  class space    used 14487K, capacity 15797K, committed 15820K, reserved 1048576K
}
Event: 34.986 GC heap after
{Heap after GC invocations=67 (full 0):
 garbage-first heap   total 259072K, used 180119K [0x0000000080000000, 0x0000000100000000)
  region size 1024K, 7 young (7168K), 7 survivors (7168K)
 Metaspace       used 112521K, capacity 115895K, committed 116048K, reserved 1148928K
  class space    used 14487K, capacity 15797K, committed 15820K, reserved 1048576K
}
Event: 34.992 GC heap before
{Heap before GC invocations=67 (full 0):
 garbage-first heap   total 259072K, used 185239K [0x0000000080000000, 0x0000000100000000)
  region size 1024K, 12 young (12288K), 7 survivors (7168K)
 Metaspace       used 112521K, capacity 115895K, committed 116048K, reserved 1148928K
  class space    used 14487K, capacity 15797K, committed 15820K, reserved 1048576K
}
Event: 35.007 GC heap after
{Heap after GC invocations=68 (full 0):
 garbage-first heap   total 259072K, used 169735K [0x0000000080000000, 0x0000000100000000)
  region size 1024K, 2 young (2048K), 2 survivors (2048K)
 Metaspace       used 112521K, capacity 115895K, committed 116048K, reserved 1148928K
  class space    used 14487K, capacity 15797K, committed 15820K, reserved 1048576K
}
Event: 35.083 GC heap before
{Heap before GC invocations=68 (full 0):
 garbage-first heap   total 259072K, used 215815K [0x0000000080000000, 0x0000000100000000)
  region size 1024K, 46 young (47104K), 2 survivors (2048K)
 Metaspace       used 112875K, capacity 116245K, committed 116432K, reserved 1150976K
  class space    used 14554K, capacity 15883K, committed 15948K, reserved 1048576K
}
Event: 35.098 GC heap after
{Heap after GC invocations=69 (full 0):
 garbage-first heap   total 311296K, used 178610K [0x0000000080000000, 0x0000000100000000)
  region size 1024K, 6 young (6144K), 6 survivors (6144K)
 Metaspace       used 112875K, capacity 116245K, committed 116432K, reserved 1150976K
  class space    used 14554K, capacity 15883K, committed 15948K, reserved 1048576K
}
Event: 35.307 GC heap before
{Heap before GC invocations=69 (full 0):
 garbage-first heap   total 311296K, used 241074K [0x0000000080000000, 0x0000000100000000)
  region size 1024K, 68 young (69632K), 6 survivors (6144K)
 Metaspace       used 113028K, capacity 116386K, committed 116688K, reserved 1150976K
  class space    used 14554K, capacity 15883K, committed 15948K, reserved 1048576K
}
Event: 35.337 GC heap after
{Heap after GC invocations=70 (full 0):
 garbage-first heap   total 311296K, used 204516K [0x0000000080000000, 0x0000000100000000)
  region size 1024K, 9 young (9216K), 9 survivors (9216K)
 Metaspace       used 113028K, capacity 116386K, committed 116688K, reserved 1150976K
  class space    used 14554K, capacity 15883K, committed 15948K, reserved 1048576K
}
Event: 35.420 GC heap before
{Heap before GC invocations=70 (full 0):
 garbage-first heap   total 311296K, used 248548K [0x0000000080000000, 0x0000000100000000)
  region size 1024K, 53 young (54272K), 9 survivors (9216K)
 Metaspace       used 113029K, capacity 116386K, committed 116688K, reserved 1150976K
  class space    used 14554K, capacity 15883K, committed 15948K, reserved 1048576K
}
Event: 35.442 GC heap after
{Heap after GC invocations=71 (full 0):
 garbage-first heap   total 311296K, used 219479K [0x0000000080000000, 0x0000000100000000)
  region size 1024K, 7 young (7168K), 7 survivors (7168K)
 Metaspace       used 113029K, capacity 116386K, committed 116688K, reserved 1150976K
  class space    used 14554K, capacity 15883K, committed 15948K, reserved 1048576K
}
Event: 35.707 GC heap before
{Heap before GC invocations=71 (full 0):
 garbage-first heap   total 311296K, used 254295K [0x0000000080000000, 0x0000000100000000)
  region size 1024K, 41 young (41984K), 7 survivors (7168K)
 Metaspace       used 113202K, capacity 116667K, committed 116944K, reserved 1150976K
  class space    used 14571K, capacity 15912K, committed 15948K, reserved 1048576K
}
Event: 35.722 GC heap after
{Heap after GC invocations=72 (full 0):
 garbage-first heap   total 311296K, used 227328K [0x0000000080000000, 0x0000000100000000)
  region size 1024K, 6 young (6144K), 6 survivors (6144K)
 Metaspace       used 113202K, capacity 116667K, committed 116944K, reserved 1150976K
  class space    used 14571K, capacity 15912K, committed 15948K, reserved 1048576K
}
Event: 35.959 GC heap before
{Heap before GC invocations=72 (full 0):
 garbage-first heap   total 311296K, used 257024K [0x0000000080000000, 0x0000000100000000)
  region size 1024K, 36 young (36864K), 6 survivors (6144K)
 Metaspace       used 113464K, capacity 116870K, committed 117072K, reserved 1150976K
  class space    used 14605K, capacity 15951K, committed 16076K, reserved 1048576K
}

