# JRE version: OpenJDK Runtime Environment (11.0.15) (build 11.0.15+0-b2043.56-9505619)
# Java VM: OpenJDK 64-Bit Server VM (11.0.15+0-b2043.56-9505619, mixed mode, tiered, compressed oops, g1 gc, windows-amd64)
Heap:
 garbage-first heap   total 544768K, used 193555K [0x0000000080000000, 0x0000000100000000)
  region size 1024K, 2 young (2048K), 2 survivors (2048K)
 Metaspace       used 103591K, capacity 106685K, committed 106908K, reserved 1140736K
  class space    used 13640K, capacity 14797K, committed 14872K, reserved 1048576K
GC Heap History (20 events):
Event: 26.317 GC heap after
{Heap after GC invocations=35 (full 0):
 garbage-first heap   total 193536K, used 151326K [0x0000000080000000, 0x0000000100000000)
  region size 1024K, 3 young (3072K), 3 survivors (3072K)
 Metaspace       used 97316K, capacity 99987K, committed 100508K, reserved 1136640K
  class space    used 12650K, capacity 13652K, committed 13848K, reserved 1048576K
}
Event: 26.477 GC heap before
{Heap before GC invocations=35 (full 0):
 garbage-first heap   total 193536K, used 161566K [0x0000000080000000, 0x0000000100000000)
  region size 1024K, 14 young (14336K), 3 survivors (3072K)
 Metaspace       used 99382K, capacity 102083K, committed 102428K, reserved 1138688K
  class space    used 13117K, capacity 14157K, committed 14232K, reserved 1048576K
}
Event: 26.491 GC heap after
{Heap after GC invocations=36 (full 0):
 garbage-first heap   total 193536K, used 154104K [0x0000000080000000, 0x0000000100000000)
  region size 1024K, 2 young (2048K), 2 survivors (2048K)
 Metaspace       used 99382K, capacity 102083K, committed 102428K, reserved 1138688K
  class space    used 13117K, capacity 14157K, committed 14232K, reserved 1048576K
}
Event: 26.595 GC heap before
{Heap before GC invocations=36 (full 0):
 garbage-first heap   total 193536K, used 164344K [0x0000000080000000, 0x0000000100000000)
  region size 1024K, 12 young (12288K), 2 survivors (2048K)
 Metaspace       used 99594K, capacity 102334K, committed 102428K, reserved 1138688K
  class space    used 13139K, capacity 14198K, committed 14232K, reserved 1048576K
}
Event: 26.607 GC heap after
{Heap after GC invocations=37 (full 0):
 garbage-first heap   total 232448K, used 158956K [0x0000000080000000, 0x0000000100000000)
  region size 1024K, 2 young (2048K), 2 survivors (2048K)
 Metaspace       used 99594K, capacity 102334K, committed 102428K, reserved 1138688K
  class space    used 13139K, capacity 14198K, committed 14232K, reserved 1048576K
}
Event: 26.741 GC heap before
{Heap before GC invocations=38 (full 0):
 garbage-first heap   total 232448K, used 182508K [0x0000000080000000, 0x0000000100000000)
  region size 1024K, 26 young (26624K), 2 survivors (2048K)
 Metaspace       used 99660K, capacity 102402K, committed 102684K, reserved 1138688K
  class space    used 13139K, capacity 14198K, committed 14232K, reserved 1048576K
}
Event: 26.758 GC heap after
{Heap after GC invocations=39 (full 0):
 garbage-first heap   total 232448K, used 171264K [0x0000000080000000, 0x0000000100000000)
  region size 1024K, 4 young (4096K), 4 survivors (4096K)
 Metaspace       used 99660K, capacity 102402K, committed 102684K, reserved 1138688K
  class space    used 13139K, capacity 14198K, committed 14232K, reserved 1048576K
}
Event: 26.803 GC heap before
{Heap before GC invocations=39 (full 0):
 garbage-first heap   total 232448K, used 188672K [0x0000000080000000, 0x0000000100000000)
  region size 1024K, 21 young (21504K), 4 survivors (4096K)
 Metaspace       used 99702K, capacity 102413K, committed 102684K, reserved 1138688K
  class space    used 13139K, capacity 14198K, committed 14232K, reserved 1048576K
}
Event: 26.818 GC heap after
{Heap after GC invocations=40 (full 0):
 garbage-first heap   total 232448K, used 180888K [0x0000000080000000, 0x0000000100000000)
  region size 1024K, 3 young (3072K), 3 survivors (3072K)
 Metaspace       used 99702K, capacity 102413K, committed 102684K, reserved 1138688K
  class space    used 13139K, capacity 14198K, committed 14232K, reserved 1048576K
}
Event: 26.865 GC heap before
{Heap before GC invocations=40 (full 0):
 garbage-first heap   total 232448K, used 193176K [0x0000000080000000, 0x0000000100000000)
  region size 1024K, 15 young (15360K), 3 survivors (3072K)
 Metaspace       used 99721K, capacity 102481K, committed 102684K, reserved 1138688K
  class space    used 13139K, capacity 14198K, committed 14232K, reserved 1048576K
}
Event: 26.874 GC heap after
{Heap after GC invocations=41 (full 0):
 garbage-first heap   total 232448K, used 187578K [0x0000000080000000, 0x0000000100000000)
  region size 1024K, 2 young (2048K), 2 survivors (2048K)
 Metaspace       used 99721K, capacity 102481K, committed 102684K, reserved 1138688K
  class space    used 13139K, capacity 14198K, committed 14232K, reserved 1048576K
}
Event: 26.906 GC heap before
{Heap before GC invocations=41 (full 0):
 garbage-first heap   total 232448K, used 196794K [0x0000000080000000, 0x0000000100000000)
  region size 1024K, 11 young (11264K), 2 survivors (2048K)
 Metaspace       used 99726K, capacity 102482K, committed 102684K, reserved 1138688K
  class space    used 13139K, capacity 14198K, committed 14232K, reserved 1048576K
}
Event: 26.921 GC heap after
{Heap after GC invocations=42 (full 0):
 garbage-first heap   total 304128K, used 192664K [0x0000000080000000, 0x0000000100000000)
  region size 1024K, 2 young (2048K), 2 survivors (2048K)
 Metaspace       used 99726K, capacity 102482K, committed 102684K, reserved 1138688K
  class space    used 13139K, capacity 14198K, committed 14232K, reserved 1048576K
}
Event: 27.415 GC heap before
{Heap before GC invocations=43 (full 0):
 garbage-first heap   total 304128K, used 224408K [0x0000000080000000, 0x0000000100000000)
  region size 1024K, 34 young (34816K), 2 survivors (2048K)
 Metaspace       used 101816K, capacity 104556K, committed 104732K, reserved 1140736K
  class space    used 13390K, capacity 14414K, committed 14488K, reserved 1048576K
}
Event: 27.435 GC heap after
{Heap after GC invocations=44 (full 0):
 garbage-first heap   total 304128K, used 204903K [0x0000000080000000, 0x0000000100000000)
  region size 1024K, 5 young (5120K), 5 survivors (5120K)
 Metaspace       used 101816K, capacity 104556K, committed 104732K, reserved 1140736K
  class space    used 13390K, capacity 14414K, committed 14488K, reserved 1048576K
}
Event: 27.928 GC heap before
{Heap before GC invocations=44 (full 0):
 garbage-first heap   total 304128K, used 234599K [0x0000000080000000, 0x0000000100000000)
  region size 1024K, 34 young (34816K), 5 survivors (5120K)
 Metaspace       used 102748K, capacity 105645K, committed 105756K, reserved 1140736K
  class space    used 13536K, capacity 14651K, committed 14744K, reserved 1048576K
}
Event: 27.946 GC heap after
{Heap after GC invocations=45 (full 0):
 garbage-first heap   total 304128K, used 208757K [0x0000000080000000, 0x0000000100000000)
  region size 1024K, 3 young (3072K), 3 survivors (3072K)
 Metaspace       used 102748K, capacity 105645K, committed 105756K, reserved 1140736K
  class space    used 13536K, capacity 14651K, committed 14744K, reserved 1048576K
}
Event: 28.484 GC heap before
{Heap before GC invocations=46 (full 0):
 garbage-first heap   total 304128K, used 228213K [0x0000000080000000, 0x0000000100000000)
  region size 1024K, 33 young (33792K), 3 survivors (3072K)
 Metaspace       used 103336K, capacity 106390K, committed 106652K, reserved 1140736K
  class space    used 13619K, capacity 14791K, committed 14872K, reserved 1048576K
}
Event: 28.495 GC heap after
{Heap after GC invocations=47 (full 0):
 garbage-first heap   total 304128K, used 200467K [0x0000000080000000, 0x0000000100000000)
  region size 1024K, 4 young (4096K), 4 survivors (4096K)
 Metaspace       used 103336K, capacity 106390K, committed 106652K, reserved 1140736K
  class space    used 13619K, capacity 14791K, committed 14872K, reserved 1048576K
}
Event: 28.705 GC heap before
{Heap before GC invocations=47 (full 0):
 garbage-first heap   total 304128K, used 209683K [0x0000000080000000, 0x0000000100000000)
  region size 1024K, 14 young (14336K), 4 survivors (4096K)
 Metaspace       used 103591K, capacity 106685K, committed 106908K, reserved 1140736K
  class space    used 13640K, capacity 14797K, committed 14872K, reserved 1048576K
}

