# JRE version: OpenJDK Runtime Environment (11.0.15) (build 11.0.15+0-b2043.56-9505619)
# Java VM: OpenJDK 64-Bit Server VM (11.0.15+0-b2043.56-9505619, mixed mode, tiered, compressed oops, g1 gc, windows-amd64)
Heap:
 garbage-first heap   total 291840K, used 176605K [0x0000000080000000, 0x0000000100000000)
  region size 1024K, 3 young (3072K), 3 survivors (3072K)
 Metaspace       used 100353K, capacity 103171K, committed 103336K, reserved 1138688K
  class space    used 13237K, capacity 14340K, committed 14372K, reserved 1048576K
GC Heap History (20 events):
Event: 18.674 GC heap after
{Heap after GC invocations=24 (full 0):
 garbage-first heap   total 175104K, used 87497K [0x0000000080000000, 0x0000000100000000)
  region size 1024K, 4 young (4096K), 4 survivors (4096K)
 Metaspace       used 87635K, capacity 90165K, committed 90280K, reserved 1126400K
  class space    used 11553K, capacity 12505K, committed 12580K, reserved 1048576K
}
Event: 19.323 GC heap before
{Heap before GC invocations=24 (full 0):
 garbage-first heap   total 175104K, used 140745K [0x0000000080000000, 0x0000000100000000)
  region size 1024K, 57 young (58368K), 4 survivors (4096K)
 Metaspace       used 88381K, capacity 90982K, committed 91176K, reserved 1128448K
  class space    used 11609K, capacity 12616K, committed 12708K, reserved 1048576K
}
Event: 19.335 GC heap after
{Heap after GC invocations=25 (full 0):
 garbage-first heap   total 175104K, used 91285K [0x0000000080000000, 0x0000000100000000)
  region size 1024K, 8 young (8192K), 8 survivors (8192K)
 Metaspace       used 88381K, capacity 90982K, committed 91176K, reserved 1128448K
  class space    used 11609K, capacity 12616K, committed 12708K, reserved 1048576K
}
Event: 19.995 GC heap before
{Heap before GC invocations=26 (full 0):
 garbage-first heap   total 175104K, used 141461K [0x0000000080000000, 0x0000000100000000)
  region size 1024K, 58 young (59392K), 8 survivors (8192K)
 Metaspace       used 90483K, capacity 93128K, committed 93352K, reserved 1130496K
  class space    used 11815K, capacity 12828K, committed 12836K, reserved 1048576K
}
Event: 20.008 GC heap after
{Heap after GC invocations=27 (full 0):
 garbage-first heap   total 175104K, used 93938K [0x0000000080000000, 0x0000000100000000)
  region size 1024K, 7 young (7168K), 7 survivors (7168K)
 Metaspace       used 90483K, capacity 93128K, committed 93352K, reserved 1130496K
  class space    used 11815K, capacity 12828K, committed 12836K, reserved 1048576K
}
Event: 20.438 GC heap before
{Heap before GC invocations=27 (full 0):
 garbage-first heap   total 175104K, used 140018K [0x0000000080000000, 0x0000000100000000)
  region size 1024K, 54 young (55296K), 7 survivors (7168K)
 Metaspace       used 92368K, capacity 95139K, committed 95272K, reserved 1132544K
  class space    used 12063K, capacity 13110K, committed 13220K, reserved 1048576K
}
Event: 20.448 GC heap after
{Heap after GC invocations=28 (full 0):
 garbage-first heap   total 175104K, used 95970K [0x0000000080000000, 0x0000000100000000)
  region size 1024K, 5 young (5120K), 5 survivors (5120K)
 Metaspace       used 92368K, capacity 95139K, committed 95272K, reserved 1132544K
  class space    used 12063K, capacity 13110K, committed 13220K, reserved 1048576K
}
Event: 20.600 GC heap before
{Heap before GC invocations=29 (full 0):
 garbage-first heap   total 175104K, used 112354K [0x0000000080000000, 0x0000000100000000)
  region size 1024K, 16 young (16384K), 5 survivors (5120K)
 Metaspace       used 92805K, capacity 95278K, committed 96040K, reserved 1132544K
  class space    used 12053K, capacity 13003K, committed 13220K, reserved 1048576K
}
Event: 20.610 GC heap after
{Heap after GC invocations=30 (full 0):
 garbage-first heap   total 175104K, used 104432K [0x0000000080000000, 0x0000000100000000)
  region size 1024K, 5 young (5120K), 5 survivors (5120K)
 Metaspace       used 92805K, capacity 95278K, committed 96040K, reserved 1132544K
  class space    used 12053K, capacity 13003K, committed 13220K, reserved 1048576K
}
Event: 21.075 GC heap before
{Heap before GC invocations=31 (full 0):
 garbage-first heap   total 175104K, used 144368K [0x0000000080000000, 0x0000000100000000)
  region size 1024K, 41 young (41984K), 5 survivors (5120K)
 Metaspace       used 97127K, capacity 99738K, committed 100520K, reserved 1136640K
  class space    used 12601K, capacity 13595K, committed 13860K, reserved 1048576K
}
Event: 21.086 GC heap after
{Heap after GC invocations=32 (full 0):
 garbage-first heap   total 175104K, used 113929K [0x0000000080000000, 0x0000000100000000)
  region size 1024K, 6 young (6144K), 6 survivors (6144K)
 Metaspace       used 97127K, capacity 99738K, committed 100520K, reserved 1136640K
  class space    used 12601K, capacity 13595K, committed 13860K, reserved 1048576K
}
Event: 21.299 GC heap before
{Heap before GC invocations=33 (full 0):
 garbage-first heap   total 175104K, used 172297K [0x0000000080000000, 0x0000000100000000)
  region size 1024K, 36 young (36864K), 6 survivors (6144K)
 Metaspace       used 97807K, capacity 100377K, committed 101032K, reserved 1136640K
  class space    used 12703K, capacity 13703K, committed 13860K, reserved 1048576K
}
Event: 21.317 GC heap after
{Heap after GC invocations=34 (full 0):
 garbage-first heap   total 229376K, used 135458K [0x0000000080000000, 0x0000000100000000)
  region size 1024K, 5 young (5120K), 5 survivors (5120K)
 Metaspace       used 97807K, capacity 100377K, committed 101032K, reserved 1136640K
  class space    used 12703K, capacity 13703K, committed 13860K, reserved 1048576K
}
Event: 21.370 GC heap before
{Heap before GC invocations=34 (full 0):
 garbage-first heap   total 229376K, used 147746K [0x0000000080000000, 0x0000000100000000)
  region size 1024K, 18 young (18432K), 5 survivors (5120K)
 Metaspace       used 97864K, capacity 100481K, committed 101160K, reserved 1136640K
  class space    used 12711K, capacity 13738K, committed 13988K, reserved 1048576K
}
Event: 21.384 GC heap after
{Heap after GC invocations=35 (full 0):
 garbage-first heap   total 229376K, used 140929K [0x0000000080000000, 0x0000000100000000)
  region size 1024K, 5 young (5120K), 5 survivors (5120K)
 Metaspace       used 97864K, capacity 100481K, committed 101160K, reserved 1136640K
  class space    used 12711K, capacity 13738K, committed 13988K, reserved 1048576K
}
Event: 21.617 GC heap before
{Heap before GC invocations=36 (full 0):
 garbage-first heap   total 229376K, used 172673K [0x0000000080000000, 0x0000000100000000)
  region size 1024K, 35 young (35840K), 5 survivors (5120K)
 Metaspace       used 100237K, capacity 103038K, committed 103080K, reserved 1138688K
  class space    used 13237K, capacity 14340K, committed 14372K, reserved 1048576K
}
Event: 21.637 GC heap after
{Heap after GC invocations=37 (full 0):
 garbage-first heap   total 229376K, used 153393K [0x0000000080000000, 0x0000000100000000)
  region size 1024K, 5 young (5120K), 5 survivors (5120K)
 Metaspace       used 100237K, capacity 103038K, committed 103080K, reserved 1138688K
  class space    used 13237K, capacity 14340K, committed 14372K, reserved 1048576K
}
Event: 21.722 GC heap before
{Heap before GC invocations=37 (full 0):
 garbage-first heap   total 229376K, used 177969K [0x0000000080000000, 0x0000000100000000)
  region size 1024K, 30 young (30720K), 5 survivors (5120K)
 Metaspace       used 100270K, capacity 103038K, committed 103080K, reserved 1138688K
  class space    used 13237K, capacity 14340K, committed 14372K, reserved 1048576K
}
Event: 21.743 GC heap after
{Heap after GC invocations=38 (full 0):
 garbage-first heap   total 229376K, used 166364K [0x0000000080000000, 0x0000000100000000)
  region size 1024K, 4 young (4096K), 4 survivors (4096K)
 Metaspace       used 100270K, capacity 103038K, committed 103080K, reserved 1138688K
  class space    used 13237K, capacity 14340K, committed 14372K, reserved 1048576K
}
Event: 21.830 GC heap before
{Heap before GC invocations=38 (full 0):
 garbage-first heap   total 229376K, used 184796K [0x0000000080000000, 0x0000000100000000)
  region size 1024K, 22 young (22528K), 4 survivors (4096K)
 Metaspace       used 100353K, capacity 103171K, committed 103336K, reserved 1138688K
  class space    used 13237K, capacity 14340K, committed 14372K, reserved 1048576K
}

